00:55:12 **** Build of configuration Debug for project TpFinal_App ****
make pre-build main-build 
a9-linaro-pre-build-step
' '
'Building file: ../src/helloworld.c'
'Invoking: ARM v7 gcc compiler'
arm-none-eabi-gcc -Wall -O0 -g3 -c -fmessage-length=0 -MT"src/helloworld.o" -mcpu=cortex-a9 -mfpu=vfpv3 -mfloat-abi=hard -IC:/Users/Gonzalo/Documents/Mys/TpFinalApp/TpFinal_App_bsp/ps7_cortexa9_0/include -MMD -MP -MF"src/helloworld.d" -MT"src/helloworld.o" -o "src/helloworld.o" "../src/helloworld.c"
'Finished building: ../src/helloworld.c'
' '
'Building file: ../src/platform.c'
'Invoking: ARM v7 gcc compiler'
arm-none-eabi-gcc -Wall -O0 -g3 -c -fmessage-length=0 -MT"src/platform.o" -mcpu=cortex-a9 -mfpu=vfpv3 -mfloat-abi=hard -IC:/Users/Gonzalo/Documents/Mys/TpFinalApp/TpFinal_App_bsp/ps7_cortexa9_0/include -MMD -MP -MF"src/platform.d" -MT"src/platform.o" -o "src/platform.o" "../src/platform.c"
'Finished building: ../src/platform.c'
' '
'Building file: ../TpFinal_App_bsp/ps7_cortexa9_0/libsrc/xadcps_v2_2/src/xadcps.c'
'Invoking: ARM v7 gcc compiler'
arm-none-eabi-gcc -Wall -O0 -g3 -c -fmessage-length=0 -MT"TpFinal_App_bsp/ps7_cortexa9_0/libsrc/xadcps_v2_2/src/xadcps.o" -mcpu=cortex-a9 -mfpu=vfpv3 -mfloat-abi=hard -IC:/Users/Gonzalo/Documents/Mys/TpFinalApp/TpFinal_App_bsp/ps7_cortexa9_0/include -MMD -MP -MF"TpFinal_App_bsp/ps7_cortexa9_0/libsrc/xadcps_v2_2/src/xadcps.d" -MT"TpFinal_App_bsp/ps7_cortexa9_0/libsrc/xadcps_v2_2/src/xadcps.o" -o "TpFinal_App_bsp/ps7_cortexa9_0/libsrc/xadcps_v2_2/src/xadcps.o" "../TpFinal_App_bsp/ps7_cortexa9_0/libsrc/xadcps_v2_2/src/xadcps.c"
'Finished building: ../TpFinal_App_bsp/ps7_cortexa9_0/libsrc/xadcps_v2_2/src/xadcps.c'
' '
'Building file: ../TpFinal_App_bsp/ps7_cortexa9_0/libsrc/xadcps_v2_2/src/xadcps_g.c'
'Invoking: ARM v7 gcc compiler'
arm-none-eabi-gcc -Wall -O0 -g3 -c -fmessage-length=0 -MT"TpFinal_App_bsp/ps7_cortexa9_0/libsrc/xadcps_v2_2/src/xadcps_g.o" -mcpu=cortex-a9 -mfpu=vfpv3 -mfloat-abi=hard -IC:/Users/Gonzalo/Documents/Mys/TpFinalApp/TpFinal_App_bsp/ps7_cortexa9_0/include -MMD -MP -MF"TpFinal_App_bsp/ps7_cortexa9_0/libsrc/xadcps_v2_2/src/xadcps_g.d" -MT"TpFinal_App_bsp/ps7_cortexa9_0/libsrc/xadcps_v2_2/src/xadcps_g.o" -o "TpFinal_App_bsp/ps7_cortexa9_0/libsrc/xadcps_v2_2/src/xadcps_g.o" "../TpFinal_App_bsp/ps7_cortexa9_0/libsrc/xadcps_v2_2/src/xadcps_g.c"
'Finished building: ../TpFinal_App_bsp/ps7_cortexa9_0/libsrc/xadcps_v2_2/src/xadcps_g.c'
' '
'Building file: ../TpFinal_App_bsp/ps7_cortexa9_0/libsrc/xadcps_v2_2/src/xadcps_intr.c'
'Invoking: ARM v7 gcc compiler'
arm-none-eabi-gcc -Wall -O0 -g3 -c -fmessage-length=0 -MT"TpFinal_App_bsp/ps7_cortexa9_0/libsrc/xadcps_v2_2/src/xadcps_intr.o" -mcpu=cortex-a9 -mfpu=vfpv3 -mfloat-abi=hard -IC:/Users/Gonzalo/Documents/Mys/TpFinalApp/TpFinal_App_bsp/ps7_cortexa9_0/include -MMD -MP -MF"TpFinal_App_bsp/ps7_cortexa9_0/libsrc/xadcps_v2_2/src/xadcps_intr.d" -MT"TpFinal_App_bsp/ps7_cortexa9_0/libsrc/xadcps_v2_2/src/xadcps_intr.o" -o "TpFinal_App_bsp/ps7_cortexa9_0/libsrc/xadcps_v2_2/src/xadcps_intr.o" "../TpFinal_App_bsp/ps7_cortexa9_0/libsrc/xadcps_v2_2/src/xadcps_intr.c"
'Finished building: ../TpFinal_App_bsp/ps7_cortexa9_0/libsrc/xadcps_v2_2/src/xadcps_intr.c'
' '
'Building file: ../TpFinal_App_bsp/ps7_cortexa9_0/libsrc/xadcps_v2_2/src/xadcps_selftest.c'
'Invoking: ARM v7 gcc compiler'
arm-none-eabi-gcc -Wall -O0 -g3 -c -fmessage-length=0 -MT"TpFinal_App_bsp/ps7_cortexa9_0/libsrc/xadcps_v2_2/src/xadcps_selftest.o" -mcpu=cortex-a9 -mfpu=vfpv3 -mfloat-abi=hard -IC:/Users/Gonzalo/Documents/Mys/TpFinalApp/TpFinal_App_bsp/ps7_cortexa9_0/include -MMD -MP -MF"TpFinal_App_bsp/ps7_cortexa9_0/libsrc/xadcps_v2_2/src/xadcps_selftest.d" -MT"TpFinal_App_bsp/ps7_cortexa9_0/libsrc/xadcps_v2_2/src/xadcps_selftest.o" -o "TpFinal_App_bsp/ps7_cortexa9_0/libsrc/xadcps_v2_2/src/xadcps_selftest.o" "../TpFinal_App_bsp/ps7_cortexa9_0/libsrc/xadcps_v2_2/src/xadcps_selftest.c"
'Finished building: ../TpFinal_App_bsp/ps7_cortexa9_0/libsrc/xadcps_v2_2/src/xadcps_selftest.c'
' '
'Building file: ../TpFinal_App_bsp/ps7_cortexa9_0/libsrc/xadcps_v2_2/src/xadcps_sinit.c'
'Invoking: ARM v7 gcc compiler'
arm-none-eabi-gcc -Wall -O0 -g3 -c -fmessage-length=0 -MT"TpFinal_App_bsp/ps7_cortexa9_0/libsrc/xadcps_v2_2/src/xadcps_sinit.o" -mcpu=cortex-a9 -mfpu=vfpv3 -mfloat-abi=hard -IC:/Users/Gonzalo/Documents/Mys/TpFinalApp/TpFinal_App_bsp/ps7_cortexa9_0/include -MMD -MP -MF"TpFinal_App_bsp/ps7_cortexa9_0/libsrc/xadcps_v2_2/src/xadcps_sinit.d" -MT"TpFinal_App_bsp/ps7_cortexa9_0/libsrc/xadcps_v2_2/src/xadcps_sinit.o" -o "TpFinal_App_bsp/ps7_cortexa9_0/libsrc/xadcps_v2_2/src/xadcps_sinit.o" "../TpFinal_App_bsp/ps7_cortexa9_0/libsrc/xadcps_v2_2/src/xadcps_sinit.c"
'Finished building: ../TpFinal_App_bsp/ps7_cortexa9_0/libsrc/xadcps_v2_2/src/xadcps_sinit.c'
' '
'Building file: ../TpFinal_App_bsp/ps7_cortexa9_0/libsrc/upDownCounter_v1_0/src/upDownCounter.c'
'Invoking: ARM v7 gcc compiler'
arm-none-eabi-gcc -Wall -O0 -g3 -c -fmessage-length=0 -MT"TpFinal_App_bsp/ps7_cortexa9_0/libsrc/upDownCounter_v1_0/src/upDownCounter.o" -mcpu=cortex-a9 -mfpu=vfpv3 -mfloat-abi=hard -IC:/Users/Gonzalo/Documents/Mys/TpFinalApp/TpFinal_App_bsp/ps7_cortexa9_0/include -MMD -MP -MF"TpFinal_App_bsp/ps7_cortexa9_0/libsrc/upDownCounter_v1_0/src/upDownCounter.d" -MT"TpFinal_App_bsp/ps7_cortexa9_0/libsrc/upDownCounter_v1_0/src/upDownCounter.o" -o "TpFinal_App_bsp/ps7_cortexa9_0/libsrc/upDownCounter_v1_0/src/upDownCounter.o" "../TpFinal_App_bsp/ps7_cortexa9_0/libsrc/upDownCounter_v1_0/src/upDownCounter.c"
'Finished building: ../TpFinal_App_bsp/ps7_cortexa9_0/libsrc/upDownCounter_v1_0/src/upDownCounter.c'
' '
'Building file: ../TpFinal_App_bsp/ps7_cortexa9_0/libsrc/upDownCounter_v1_0/src/upDownCounter_selftest.c'
'Invoking: ARM v7 gcc compiler'
arm-none-eabi-gcc -Wall -O0 -g3 -c -fmessage-length=0 -MT"TpFinal_App_bsp/ps7_cortexa9_0/libsrc/upDownCounter_v1_0/src/upDownCounter_selftest.o" -mcpu=cortex-a9 -mfpu=vfpv3 -mfloat-abi=hard -IC:/Users/Gonzalo/Documents/Mys/TpFinalApp/TpFinal_App_bsp/ps7_cortexa9_0/include -MMD -MP -MF"TpFinal_App_bsp/ps7_cortexa9_0/libsrc/upDownCounter_v1_0/src/upDownCounter_selftest.d" -MT"TpFinal_App_bsp/ps7_cortexa9_0/libsrc/upDownCounter_v1_0/src/upDownCounter_selftest.o" -o "TpFinal_App_bsp/ps7_cortexa9_0/libsrc/upDownCounter_v1_0/src/upDownCounter_selftest.o" "../TpFinal_App_bsp/ps7_cortexa9_0/libsrc/upDownCounter_v1_0/src/upDownCounter_selftest.c"
../TpFinal_App_bsp/ps7_cortexa9_0/libsrc/upDownCounter_v1_0/src/upDownCounter_selftest.c: In function 'UPDOWNCOUNTER_Reg_SelfTest':
../TpFinal_App_bsp/ps7_cortexa9_0/libsrc/upDownCounter_v1_0/src/upDownCounter_selftest.c:36:6: warning: unused variable 'Index' [-Wunused-variable]
  int Index;
      ^~~~~
'Finished building: ../TpFinal_App_bsp/ps7_cortexa9_0/libsrc/upDownCounter_v1_0/src/upDownCounter_selftest.c'
' '
'Building file: ../TpFinal_App_bsp/ps7_cortexa9_0/libsrc/uartps_v3_6/src/xuartps.c'
'Invoking: ARM v7 gcc compiler'
arm-none-eabi-gcc -Wall -O0 -g3 -c -fmessage-length=0 -MT"TpFinal_App_bsp/ps7_cortexa9_0/libsrc/uartps_v3_6/src/xuartps.o" -mcpu=cortex-a9 -mfpu=vfpv3 -mfloat-abi=hard -IC:/Users/Gonzalo/Documents/Mys/TpFinalApp/TpFinal_App_bsp/ps7_cortexa9_0/include -MMD -MP -MF"TpFinal_App_bsp/ps7_cortexa9_0/libsrc/uartps_v3_6/src/xuartps.d" -MT"TpFinal_App_bsp/ps7_cortexa9_0/libsrc/uartps_v3_6/src/xuartps.o" -o "TpFinal_App_bsp/ps7_cortexa9_0/libsrc/uartps_v3_6/src/xuartps.o" "../TpFinal_App_bsp/ps7_cortexa9_0/libsrc/uartps_v3_6/src/xuartps.c"
'Finished building: ../TpFinal_App_bsp/ps7_cortexa9_0/libsrc/uartps_v3_6/src/xuartps.c'
' '
'Building file: ../TpFinal_App_bsp/ps7_cortexa9_0/libsrc/uartps_v3_6/src/xuartps_g.c'
'Invoking: ARM v7 gcc compiler'
arm-none-eabi-gcc -Wall -O0 -g3 -c -fmessage-length=0 -MT"TpFinal_App_bsp/ps7_cortexa9_0/libsrc/uartps_v3_6/src/xuartps_g.o" -mcpu=cortex-a9 -mfpu=vfpv3 -mfloat-abi=hard -IC:/Users/Gonzalo/Documents/Mys/TpFinalApp/TpFinal_App_bsp/ps7_cortexa9_0/include -MMD -MP -MF"TpFinal_App_bsp/ps7_cortexa9_0/libsrc/uartps_v3_6/src/xuartps_g.d" -MT"TpFinal_App_bsp/ps7_cortexa9_0/libsrc/uartps_v3_6/src/xuartps_g.o" -o "TpFinal_App_bsp/ps7_cortexa9_0/libsrc/uartps_v3_6/src/xuartps_g.o" "../TpFinal_App_bsp/ps7_cortexa9_0/libsrc/uartps_v3_6/src/xuartps_g.c"
'Finished building: ../TpFinal_App_bsp/ps7_cortexa9_0/libsrc/uartps_v3_6/src/xuartps_g.c'
' '
'Building file: ../TpFinal_App_bsp/ps7_cortexa9_0/libsrc/uartps_v3_6/src/xuartps_hw.c'
'Invoking: ARM v7 gcc compiler'
arm-none-eabi-gcc -Wall -O0 -g3 -c -fmessage-length=0 -MT"TpFinal_App_bsp/ps7_cortexa9_0/libsrc/uartps_v3_6/src/xuartps_hw.o" -mcpu=cortex-a9 -mfpu=vfpv3 -mfloat-abi=hard -IC:/Users/Gonzalo/Documents/Mys/TpFinalApp/TpFinal_App_bsp/ps7_cortexa9_0/include -MMD -MP -MF"TpFinal_App_bsp/ps7_cortexa9_0/libsrc/uartps_v3_6/src/xuartps_hw.d" -MT"TpFinal_App_bsp/ps7_cortexa9_0/libsrc/uartps_v3_6/src/xuartps_hw.o" -o "TpFinal_App_bsp/ps7_cortexa9_0/libsrc/uartps_v3_6/src/xuartps_hw.o" "../TpFinal_App_bsp/ps7_cortexa9_0/libsrc/uartps_v3_6/src/xuartps_hw.c"
'Finished building: ../TpFinal_App_bsp/ps7_cortexa9_0/libsrc/uartps_v3_6/src/xuartps_hw.c'
' '
'Building file: ../TpFinal_App_bsp/ps7_cortexa9_0/libsrc/uartps_v3_6/src/xuartps_intr.c'
'Invoking: ARM v7 gcc compiler'
arm-none-eabi-gcc -Wall -O0 -g3 -c -fmessage-length=0 -MT"TpFinal_App_bsp/ps7_cortexa9_0/libsrc/uartps_v3_6/src/xuartps_intr.o" -mcpu=cortex-a9 -mfpu=vfpv3 -mfloat-abi=hard -IC:/Users/Gonzalo/Documents/Mys/TpFinalApp/TpFinal_App_bsp/ps7_cortexa9_0/include -MMD -MP -MF"TpFinal_App_bsp/ps7_cortexa9_0/libsrc/uartps_v3_6/src/xuartps_intr.d" -MT"TpFinal_App_bsp/ps7_cortexa9_0/libsrc/uartps_v3_6/src/xuartps_intr.o" -o "TpFinal_App_bsp/ps7_cortexa9_0/libsrc/uartps_v3_6/src/xuartps_intr.o" "../TpFinal_App_bsp/ps7_cortexa9_0/libsrc/uartps_v3_6/src/xuartps_intr.c"
'Finished building: ../TpFinal_App_bsp/ps7_cortexa9_0/libsrc/uartps_v3_6/src/xuartps_intr.c'
' '
'Building file: ../TpFinal_App_bsp/ps7_cortexa9_0/libsrc/uartps_v3_6/src/xuartps_options.c'
'Invoking: ARM v7 gcc compiler'
arm-none-eabi-gcc -Wall -O0 -g3 -c -fmessage-length=0 -MT"TpFinal_App_bsp/ps7_cortexa9_0/libsrc/uartps_v3_6/src/xuartps_options.o" -mcpu=cortex-a9 -mfpu=vfpv3 -mfloat-abi=hard -IC:/Users/Gonzalo/Documents/Mys/TpFinalApp/TpFinal_App_bsp/ps7_cortexa9_0/include -MMD -MP -MF"TpFinal_App_bsp/ps7_cortexa9_0/libsrc/uartps_v3_6/src/xuartps_options.d" -MT"TpFinal_App_bsp/ps7_cortexa9_0/libsrc/uartps_v3_6/src/xuartps_options.o" -o "TpFinal_App_bsp/ps7_cortexa9_0/libsrc/uartps_v3_6/src/xuartps_options.o" "../TpFinal_App_bsp/ps7_cortexa9_0/libsrc/uartps_v3_6/src/xuartps_options.c"
'Finished building: ../TpFinal_App_bsp/ps7_cortexa9_0/libsrc/uartps_v3_6/src/xuartps_options.c'
' '
'Building file: ../TpFinal_App_bsp/ps7_cortexa9_0/libsrc/uartps_v3_6/src/xuartps_selftest.c'
'Invoking: ARM v7 gcc compiler'
arm-none-eabi-gcc -Wall -O0 -g3 -c -fmessage-length=0 -MT"TpFinal_App_bsp/ps7_cortexa9_0/libsrc/uartps_v3_6/src/xuartps_selftest.o" -mcpu=cortex-a9 -mfpu=vfpv3 -mfloat-abi=hard -IC:/Users/Gonzalo/Documents/Mys/TpFinalApp/TpFinal_App_bsp/ps7_cortexa9_0/include -MMD -MP -MF"TpFinal_App_bsp/ps7_cortexa9_0/libsrc/uartps_v3_6/src/xuartps_selftest.d" -MT"TpFinal_App_bsp/ps7_cortexa9_0/libsrc/uartps_v3_6/src/xuartps_selftest.o" -o "TpFinal_App_bsp/ps7_cortexa9_0/libsrc/uartps_v3_6/src/xuartps_selftest.o" "../TpFinal_App_bsp/ps7_cortexa9_0/libsrc/uartps_v3_6/src/xuartps_selftest.c"
'Finished building: ../TpFinal_App_bsp/ps7_cortexa9_0/libsrc/uartps_v3_6/src/xuartps_selftest.c'
' '
'Building file: ../TpFinal_App_bsp/ps7_cortexa9_0/libsrc/uartps_v3_6/src/xuartps_sinit.c'
'Invoking: ARM v7 gcc compiler'
arm-none-eabi-gcc -Wall -O0 -g3 -c -fmessage-length=0 -MT"TpFinal_App_bsp/ps7_cortexa9_0/libsrc/uartps_v3_6/src/xuartps_sinit.o" -mcpu=cortex-a9 -mfpu=vfpv3 -mfloat-abi=hard -IC:/Users/Gonzalo/Documents/Mys/TpFinalApp/TpFinal_App_bsp/ps7_cortexa9_0/include -MMD -MP -MF"TpFinal_App_bsp/ps7_cortexa9_0/libsrc/uartps_v3_6/src/xuartps_sinit.d" -MT"TpFinal_App_bsp/ps7_cortexa9_0/libsrc/uartps_v3_6/src/xuartps_sinit.o" -o "TpFinal_App_bsp/ps7_cortexa9_0/libsrc/uartps_v3_6/src/xuartps_sinit.o" "../TpFinal_App_bsp/ps7_cortexa9_0/libsrc/uartps_v3_6/src/xuartps_sinit.c"
'Finished building: ../TpFinal_App_bsp/ps7_cortexa9_0/libsrc/uartps_v3_6/src/xuartps_sinit.c'
' '
'Building file: ../TpFinal_App_bsp/ps7_cortexa9_0/libsrc/standalone_v6_6/src/profile/_profile_clean.c'
'Invoking: ARM v7 gcc compiler'
arm-none-eabi-gcc -Wall -O0 -g3 -c -fmessage-length=0 -MT"TpFinal_App_bsp/ps7_cortexa9_0/libsrc/standalone_v6_6/src/profile/_profile_clean.o" -mcpu=cortex-a9 -mfpu=vfpv3 -mfloat-abi=hard -IC:/Users/Gonzalo/Documents/Mys/TpFinalApp/TpFinal_App_bsp/ps7_cortexa9_0/include -MMD -MP -MF"TpFinal_App_bsp/ps7_cortexa9_0/libsrc/standalone_v6_6/src/profile/_profile_clean.d" -MT"TpFinal_App_bsp/ps7_cortexa9_0/libsrc/standalone_v6_6/src/profile/_profile_clean.o" -o "TpFinal_App_bsp/ps7_cortexa9_0/libsrc/standalone_v6_6/src/profile/_profile_clean.o" "../TpFinal_App_bsp/ps7_cortexa9_0/libsrc/standalone_v6_6/src/profile/_profile_clean.c"
In file included from ../TpFinal_App_bsp/ps7_cortexa9_0/libsrc/standalone_v6_6/src/profile/_profile_clean.c:34:0:
../TpFinal_App_bsp/ps7_cortexa9_0/libsrc/standalone_v6_6/src/profile/_profile_timer_hw.h:88:10: fatal error: xintc_l.h: No such file or directory
 #include "xintc_l.h"
          ^~~~~~~~~~~
compilation terminated.
make: *** [TpFinal_App_bsp/ps7_cortexa9_0/libsrc/standalone_v6_6/src/profile/_profile_clean.o] Error 1

00:55:21 Build Finished (took 8s.729ms)

